[debug] [2021-10-19T17:29:08.696Z] ----------------------------------------------------------------------
[debug] [2021-10-19T17:29:08.698Z] Command:       C:\Program Files\nodejs\node.exe C:\Users\igor.chagas\AppData\Roaming\npm\node_modules\firebase-tools\lib\bin\firebase.js init
[debug] [2021-10-19T17:29:08.699Z] CLI Version:   9.18.0
[debug] [2021-10-19T17:29:08.699Z] Platform:      win32
[debug] [2021-10-19T17:29:08.699Z] Node Version:  v14.17.1
[debug] [2021-10-19T17:29:08.704Z] Time:          Tue Oct 19 2021 14:29:08 GMT-0300 (Horário Padrão de Brasília)
[debug] [2021-10-19T17:29:08.705Z] ----------------------------------------------------------------------
[debug] 
[debug] [2021-10-19T17:29:08.708Z] >>> [apiv2][query] GET https://firebase-public.firebaseio.com/cli.json [none]
[debug] [2021-10-19T17:29:08.752Z] > command requires scopes: ["email","openid","https://www.googleapis.com/auth/cloudplatformprojects.readonly","https://www.googleapis.com/auth/firebase","https://www.googleapis.com/auth/cloud-platform"]
[debug] [2021-10-19T17:29:08.753Z] > authorizing via signed-in user (igor.dantas64@gmail.com)
[info] 
     ######## #### ########  ######## ########     ###     ######  ########
     ##        ##  ##     ## ##       ##     ##  ##   ##  ##       ##
     ######    ##  ########  ######   ########  #########  ######  ######
     ##        ##  ##    ##  ##       ##     ## ##     ##       ## ##
     ##       #### ##     ## ######## ########  ##     ##  ######  ########

You're about to initialize a Firebase project in this directory:

  C:\_PESSOAL\wanna-know

Before we get started, keep in mind:

  * You are currently outside your home directory

[debug] [2021-10-19T17:29:09.729Z] <<< [apiv2][status] GET https://firebase-public.firebaseio.com/cli.json 200
[debug] [2021-10-19T17:29:09.730Z] <<< [apiv2][body] GET https://firebase-public.firebaseio.com/cli.json {"cloudBuildErrorAfter":1594252800000,"cloudBuildWarnAfter":1590019200000,"defaultNode10After":1594252800000,"minVersion":"3.0.5","node8DeploysDisabledAfter":1613390400000,"node8RuntimeDisabledAfter":1615809600000,"node8WarnAfter":1600128000000}
